<?xml version="1.0" encoding="UTF-8"?>
<!-- Generated by org.testng.reporters.JUnitXMLReporter -->
<testsuite ignored="0" hostname="Satyams-MacBook-Air.local" failures="0" tests="3" name="Default test" time="0.019" errors="0" timestamp="2026-07-22T20:05:30 IST">
  <testcase classname="Day42TestNG.loginTest" name="loginByEmail" time="0.003"/>
  <testcase classname="Day42TestNG.loginTest" name="loginByFacebook" time="0.0"/>
  <testcase classname="Day42TestNG.loginTest" name="loginByTwitter" time="0.0"/>
</testsuite> <!-- Default test -->
