<?xml version="1.0" encoding="UTF-8"?>
<!-- Generated by org.testng.reporters.JUnitXMLReporter -->
<testsuite ignored="0" hostname="Satyams-MacBook-Air.local" failures="0" tests="3" name="chrometest" time="7.825" errors="0" timestamp="2026-07-23T23:26:37 IST">
  <testcase classname="day45.paramTest" name="testLogo" time="0.015"/>
  <testcase classname="day45.paramTest" name="testTitle" time="0.003"/>
  <testcase classname="day45.paramTest" name="testURL" time="0.003"/>
</testsuite> <!-- chrometest -->
