<?xml version="1.0" encoding="UTF-8"?>
<!-- Generated by org.testng.reporters.JUnitXMLReporter -->
<testsuite ignored="0" hostname="Satyams-MacBook-Air.local" failures="0" tests="3" name="safaritest" time="16.904" errors="0" timestamp="2026-07-23T23:26:46 IST">
  <testcase classname="day45.paramTest" name="testLogo" time="0.028"/>
  <testcase classname="day45.paramTest" name="testTitle" time="0.004"/>
  <testcase classname="day45.paramTest" name="testURL" time="0.004"/>
</testsuite> <!-- safaritest -->
