<?xml version="1.0" encoding="UTF-8"?>
<!-- Generated by org.testng.reporters.JUnitXMLReporter -->
<testsuite ignored="5" hostname="Satyams-MacBook-Air.local" failures="0" tests="3" name="Test" time="0.015" errors="0" timestamp="2026-07-22T20:49:55 IST">
  <testcase classname="Day42TestNG.signupTest" name="signUpEmail" time="0.002"/>
  <testcase classname="Day42TestNG.signupTest" name="signupFacebook" time="0.001"/>
  <testcase classname="Day42TestNG.signupTest" name="signupTwitter" time="0.0"/>
  <testcase classname="Day42TestNG.loginTest" name="loginByEmail" time="0.0">
    <ignored/>
  </testcase> <!-- loginByEmail -->
  <testcase classname="Day42TestNG.paymentTest" name="paymentInDollar" time="0.0">
    <ignored/>
  </testcase> <!-- paymentInDollar -->
  <testcase classname="Day42TestNG.paymentTest" name="paymentInRupees" time="0.0">
    <ignored/>
  </testcase> <!-- paymentInRupees -->
  <testcase classname="Day42TestNG.loginTest" name="loginByFacebook" time="0.0">
    <ignored/>
  </testcase> <!-- loginByFacebook -->
  <testcase classname="Day42TestNG.loginTest" name="loginByTwitter" time="0.0">
    <ignored/>
  </testcase> <!-- loginByTwitter -->
</testsuite> <!-- Test -->
