<?xml version="1.0" encoding="UTF-8"?>
<testng-results ignored="0" total="3" passed="3" failed="0" skipped="0">
  <reporter-output>
  </reporter-output>
  <suite started-at="2026-07-22T20:05:30 IST" name="Default suite" finished-at="2026-07-22T20:05:30 IST" duration-ms="19">
    <groups>
    </groups>
    <test started-at="2026-07-22T20:05:30 IST" name="Default test" finished-at="2026-07-22T20:05:30 IST" duration-ms="19">
      <class name="Day42TestNG.loginTest">
        <test-method signature="loginByEmail()[pri:0, instance:Day42TestNG.loginTest@67c27493]" started-at="2026-07-22T20:05:30 IST" name="loginByEmail" finished-at="2026-07-22T20:05:30 IST" duration-ms="3" status="PASS">
          <reporter-output>
          </reporter-output>
        </test-method> <!-- loginByEmail -->
        <test-method signature="loginByFacebook()[pri:0, instance:Day42TestNG.loginTest@67c27493]" started-at="2026-07-22T20:05:30 IST" name="loginByFacebook" finished-at="2026-07-22T20:05:30 IST" duration-ms="0" status="PASS">
          <reporter-output>
          </reporter-output>
        </test-method> <!-- loginByFacebook -->
        <test-method signature="loginByTwitter()[pri:0, instance:Day42TestNG.loginTest@67c27493]" started-at="2026-07-22T20:05:30 IST" name="loginByTwitter" finished-at="2026-07-22T20:05:30 IST" duration-ms="0" status="PASS">
          <reporter-output>
          </reporter-output>
        </test-method> <!-- loginByTwitter -->
      </class> <!-- Day42TestNG.loginTest -->
    </test> <!-- Default test -->
  </suite> <!-- Default suite -->
</testng-results>
