<?xml version="1.0" encoding="UTF-8"?>
<testng-results ignored="0" total="9" passed="9" failed="0" skipped="0">
  <reporter-output>
  </reporter-output>
  <suite started-at="2026-07-23T23:26:29 IST" name="Suite" finished-at="2026-07-23T23:26:46 IST" duration-ms="16904">
    <groups>
    </groups>
    <test started-at="2026-07-23T23:26:29 IST" name="edgetest" finished-at="2026-07-23T23:26:37 IST" duration-ms="7789">
      <class name="day45.paramTest">
        <test-method is-config="true" signature="setUp(java.lang.String)[pri:0, instance:day45.paramTest@6ad82709]" started-at="2026-07-23T23:26:29 IST" name="setUp" finished-at="2026-07-23T23:26:37 IST" duration-ms="7653" status="PASS">
          <params>
            <param index="0">
              <value>
                <![CDATA[edge]]>
              </value>
            </param>
          </params>
          <reporter-output>
          </reporter-output>
        </test-method> <!-- setUp -->
        <test-method signature="testLogo()[pri:1, instance:day45.paramTest@6ad82709]" started-at="2026-07-23T23:26:37 IST" name="testLogo" finished-at="2026-07-23T23:26:37 IST" duration-ms="27" status="PASS">
          <reporter-output>
          </reporter-output>
        </test-method> <!-- testLogo -->
        <test-method signature="testTitle()[pri:2, instance:day45.paramTest@6ad82709]" started-at="2026-07-23T23:26:37 IST" name="testTitle" finished-at="2026-07-23T23:26:37 IST" duration-ms="4" status="PASS">
          <reporter-output>
          </reporter-output>
        </test-method> <!-- testTitle -->
        <test-method signature="testURL()[pri:3, instance:day45.paramTest@6ad82709]" started-at="2026-07-23T23:26:37 IST" name="testURL" finished-at="2026-07-23T23:26:37 IST" duration-ms="4" status="PASS">
          <reporter-output>
          </reporter-output>
        </test-method> <!-- testURL -->
        <test-method is-config="true" signature="tearDown()[pri:0, instance:day45.paramTest@6ad82709]" started-at="2026-07-23T23:26:37 IST" name="tearDown" finished-at="2026-07-23T23:26:37 IST" duration-ms="91" status="PASS">
          <reporter-output>
          </reporter-output>
        </test-method> <!-- tearDown -->
      </class> <!-- day45.paramTest -->
    </test> <!-- edgetest -->
    <test started-at="2026-07-23T23:26:29 IST" name="chrometest" finished-at="2026-07-23T23:26:37 IST" duration-ms="7825">
      <class name="day45.paramTest">
        <test-method is-config="true" signature="setUp(java.lang.String)[pri:0, instance:day45.paramTest@4c402120]" started-at="2026-07-23T23:26:29 IST" name="setUp" finished-at="2026-07-23T23:26:37 IST" duration-ms="7713" status="PASS">
          <params>
            <param index="0">
              <value>
                <![CDATA[chrome]]>
              </value>
            </param>
          </params>
          <reporter-output>
          </reporter-output>
        </test-method> <!-- setUp -->
        <test-method signature="testLogo()[pri:1, instance:day45.paramTest@4c402120]" started-at="2026-07-23T23:26:37 IST" name="testLogo" finished-at="2026-07-23T23:26:37 IST" duration-ms="15" status="PASS">
          <reporter-output>
          </reporter-output>
        </test-method> <!-- testLogo -->
        <test-method signature="testTitle()[pri:2, instance:day45.paramTest@4c402120]" started-at="2026-07-23T23:26:37 IST" name="testTitle" finished-at="2026-07-23T23:26:37 IST" duration-ms="3" status="PASS">
          <reporter-output>
          </reporter-output>
        </test-method> <!-- testTitle -->
        <test-method signature="testURL()[pri:3, instance:day45.paramTest@4c402120]" started-at="2026-07-23T23:26:37 IST" name="testURL" finished-at="2026-07-23T23:26:37 IST" duration-ms="3" status="PASS">
          <reporter-output>
          </reporter-output>
        </test-method> <!-- testURL -->
        <test-method is-config="true" signature="tearDown()[pri:0, instance:day45.paramTest@4c402120]" started-at="2026-07-23T23:26:37 IST" name="tearDown" finished-at="2026-07-23T23:26:37 IST" duration-ms="84" status="PASS">
          <reporter-output>
          </reporter-output>
        </test-method> <!-- tearDown -->
      </class> <!-- day45.paramTest -->
    </test> <!-- chrometest -->
    <test started-at="2026-07-23T23:26:29 IST" name="safaritest" finished-at="2026-07-23T23:26:46 IST" duration-ms="16904">
      <class name="day45.paramTest">
        <test-method is-config="true" signature="setUp(java.lang.String)[pri:0, instance:day45.paramTest@65e98b1c]" started-at="2026-07-23T23:26:29 IST" name="setUp" finished-at="2026-07-23T23:26:36 IST" duration-ms="6626" status="PASS">
          <params>
            <param index="0">
              <value>
                <![CDATA[safari]]>
              </value>
            </param>
          </params>
          <reporter-output>
          </reporter-output>
        </test-method> <!-- setUp -->
        <test-method signature="testLogo()[pri:1, instance:day45.paramTest@65e98b1c]" started-at="2026-07-23T23:26:36 IST" name="testLogo" finished-at="2026-07-23T23:26:36 IST" duration-ms="28" status="PASS">
          <reporter-output>
          </reporter-output>
        </test-method> <!-- testLogo -->
        <test-method signature="testTitle()[pri:2, instance:day45.paramTest@65e98b1c]" started-at="2026-07-23T23:26:36 IST" name="testTitle" finished-at="2026-07-23T23:26:36 IST" duration-ms="4" status="PASS">
          <reporter-output>
          </reporter-output>
        </test-method> <!-- testTitle -->
        <test-method signature="testURL()[pri:3, instance:day45.paramTest@65e98b1c]" started-at="2026-07-23T23:26:36 IST" name="testURL" finished-at="2026-07-23T23:26:36 IST" duration-ms="4" status="PASS">
          <reporter-output>
          </reporter-output>
        </test-method> <!-- testURL -->
        <test-method is-config="true" signature="tearDown()[pri:0, instance:day45.paramTest@65e98b1c]" started-at="2026-07-23T23:26:36 IST" name="tearDown" finished-at="2026-07-23T23:26:46 IST" duration-ms="10221" status="PASS">
          <reporter-output>
          </reporter-output>
        </test-method> <!-- tearDown -->
      </class> <!-- day45.paramTest -->
    </test> <!-- safaritest -->
  </suite> <!-- Suite -->
</testng-results>
