<?xml version="1.0" encoding="UTF-8"?>
<!-- Generated by org.testng.reporters.JUnitReportReporter -->
<testsuite hostname="Satyams-MacBook-Air.local" failures="0" tests="3" name="Day42TestNG.signupTest" time="0.003" errors="0" timestamp="2026-07-22T20:49:55 IST" skipped="0">
  <testcase classname="Day42TestNG.signupTest" name="signUpEmail" time="0.002"/>
  <testcase classname="Day42TestNG.signupTest" name="signupFacebook" time="0.001"/>
  <testcase classname="Day42TestNG.signupTest" name="signupTwitter" time="0.000"/>
</testsuite> <!-- Day42TestNG.signupTest -->
