<?xml version="1.0" encoding="UTF-8"?>
<!-- Generated by org.testng.reporters.JUnitReportReporter -->
<testsuite hostname="Satyams-MacBook-Air.local" failures="0" tests="9" name="day45.paramTest" time="0.092" errors="0" timestamp="2026-07-23T23:26:46 IST" skipped="0">
  <testcase classname="day45.paramTest" name="testLogo" time="0.027"/>
  <testcase classname="day45.paramTest" name="testLogo" time="0.028"/>
  <testcase classname="day45.paramTest" name="testLogo" time="0.015"/>
  <testcase classname="day45.paramTest" name="testTitle" time="0.004"/>
  <testcase classname="day45.paramTest" name="testTitle" time="0.003"/>
  <testcase classname="day45.paramTest" name="testTitle" time="0.004"/>
  <testcase classname="day45.paramTest" name="testURL" time="0.004"/>
  <testcase classname="day45.paramTest" name="testURL" time="0.004"/>
  <testcase classname="day45.paramTest" name="testURL" time="0.003"/>
</testsuite> <!-- day45.paramTest -->
