<?xml version="1.0" encoding="UTF-8"?>
<!-- Generated by org.testng.reporters.JUnitReportReporter -->
<testsuite hostname="Satyams-MacBook-Air.local" failures="0" tests="3" name="Day42TestNG.loginTest" time="0.003" errors="0" timestamp="2026-07-22T20:08:51 IST" skipped="0">
  <testcase classname="Day42TestNG.loginTest" name="loginByEmail" time="0.002"/>
  <testcase classname="Day42TestNG.loginTest" name="loginByFacebook" time="0.000"/>
  <testcase classname="Day42TestNG.loginTest" name="loginByTwitter" time="0.001"/>
</testsuite> <!-- Day42TestNG.loginTest -->
